c:\users\jordan\desktop\anubisedr\anubisdriver\x64\debug\vc143.pdb
c:\users\jordan\desktop\anubisedr\anubisdriver\x64\debug\filesystem_monitor.obj
c:\users\jordan\desktop\anubisedr\anubisdriver\x64\debug\drv.obj
c:\users\jordan\desktop\anubisedr\anubisdriver\x64\debug\process_monitor.obj
c:\users\jordan\desktop\anubisedr\anubisdriver\x64\debug\network_monitor.obj
c:\users\jordan\desktop\anubisedr\x64\debug\anubisdriver.sys
c:\users\jordan\desktop\anubisedr\x64\debug\anubisdriver.pdb
c:\users\jordan\desktop\anubisedr\x64\debug\anubisdriver.cer
c:\users\jordan\desktop\anubisedr\anubisdriver\x64\debug\anubisdriver.tlog\cl.command.1.tlog
c:\users\jordan\desktop\anubisedr\anubisdriver\x64\debug\anubisdriver.tlog\cl.items.tlog
c:\users\jordan\desktop\anubisedr\anubisdriver\x64\debug\anubisdriver.tlog\cl.read.1.tlog
c:\users\jordan\desktop\anubisedr\anubisdriver\x64\debug\anubisdriver.tlog\cl.write.1.tlog
c:\users\jordan\desktop\anubisedr\anubisdriver\x64\debug\anubisdriver.tlog\link.command.1.tlog
c:\users\jordan\desktop\anubisedr\anubisdriver\x64\debug\anubisdriver.tlog\link.read.1.tlog
c:\users\jordan\desktop\anubisedr\anubisdriver\x64\debug\anubisdriver.tlog\link.secondary.1.tlog
c:\users\jordan\desktop\anubisedr\anubisdriver\x64\debug\anubisdriver.tlog\link.write.1.tlog
c:\users\jordan\desktop\anubisedr\anubisdriver\x64\debug\anubisdriver.tlog\signtool.command.1.tlog
c:\users\jordan\desktop\anubisedr\anubisdriver\x64\debug\anubisdriver.tlog\signtool.read.1.tlog
c:\users\jordan\desktop\anubisedr\anubisdriver\x64\debug\anubisdriver.tlog\signtool.timestamp.1.tlog
c:\users\jordan\desktop\anubisedr\anubisdriver\x64\debug\anubisdriver.tlog\signtool.write.1.tlog
